This file contains any messages produced by compilers while
running configure, to aid debugging if configure makes a mistake.

It was created by configure, which was
generated by GNU Autoconf 2.65.  Invocation command line was

  $ ./configure 

## --------- ##
## Platform. ##
## --------- ##

hostname = ubuntu
uname -m = i686
uname -r = 2.6.32-24-generic
uname -s = Linux
uname -v = #39-Ubuntu SMP Wed Jul 28 06:07:29 UTC 2010

/usr/bin/uname -p = unknown
/bin/uname -X     = unknown

/bin/arch              = unknown
/usr/bin/arch -k       = unknown
/usr/convex/getsysinfo = unknown
/usr/bin/hostinfo      = unknown
/bin/machine           = unknown
/usr/bin/oslevel       = unknown
/bin/universe          = unknown

PATH: /usr/local/sbin
PATH: /usr/local/bin
PATH: /usr/sbin
PATH: /usr/bin
PATH: /sbin
PATH: /bin
PATH: /usr/games


## ----------- ##
## Core tests. ##
## ----------- ##

configure:1878: checking for a BSD-compatible install
configure:1946: result: /usr/bin/install -c
configure:1957: checking whether build environment is sane
configure:2007: result: yes
configure:2148: checking for a thread-safe mkdir -p
configure:2187: result: /bin/mkdir -p
configure:2200: checking for gawk
configure:2216: found /usr/bin/gawk
configure:2227: result: gawk
configure:2238: checking whether make sets $(MAKE)
configure:2260: result: yes
configure:2391: checking for gcc
configure:2407: found /usr/bin/gcc
configure:2418: result: gcc
configure:2647: checking for C compiler version
configure:2656: gcc --version >&5
gcc (Ubuntu 4.4.3-4ubuntu5) 4.4.3
Copyright (C) 2009 Free Software Foundation, Inc.
This is free software; see the source for copying conditions.  There is NO
warranty; not even for MERCHANTABILITY or FITNESS FOR A PARTICULAR PURPOSE.

configure:2667: $? = 0
configure:2656: gcc -v >&5
Using built-in specs.
Target: i486-linux-gnu
Configured with: ../src/configure -v --with-pkgversion='Ubuntu 4.4.3-4ubuntu5' --with-bugurl=file:///usr/share/doc/gcc-4.4/README.Bugs --enable-languages=c,c++,fortran,objc,obj-c++ --prefix=/usr --enable-shared --enable-multiarch --enable-linker-build-id --with-system-zlib --libexecdir=/usr/lib --without-included-gettext --enable-threads=posix --with-gxx-include-dir=/usr/include/c++/4.4 --program-suffix=-4.4 --enable-nls --enable-clocale=gnu --enable-libstdcxx-debug --enable-plugin --enable-objc-gc --enable-targets=all --disable-werror --with-arch-32=i486 --with-tune=generic --enable-checking=release --build=i486-linux-gnu --host=i486-linux-gnu --target=i486-linux-gnu
Thread model: posix
gcc version 4.4.3 (Ubuntu 4.4.3-4ubuntu5) 
configure:2667: $? = 0
configure:2656: gcc -V >&5
gcc: '-V' option must have argument
configure:2667: $? = 1
configure:2656: gcc -qversion >&5
gcc: unrecognized option '-qversion'
gcc: no input files
configure:2667: $? = 1
configure:2687: checking whether the C compiler works
configure:2709: gcc    conftest.c  >&5
configure:2713: $? = 0
configure:2762: result: yes
configure:2765: checking for C compiler default output file name
configure:2767: result: a.out
configure:2773: checking for suffix of executables
configure:2780: gcc -o conftest    conftest.c  >&5
configure:2784: $? = 0
configure:2806: result: 
configure:2828: checking whether we are cross compiling
configure:2836: gcc -o conftest    conftest.c  >&5
configure:2840: $? = 0
configure:2847: ./conftest
configure:2851: $? = 0
configure:2866: result: no
configure:2871: checking for suffix of object files
configure:2893: gcc -c   conftest.c >&5
configure:2897: $? = 0
configure:2918: result: o
configure:2922: checking whether we are using the GNU C compiler
configure:2941: gcc -c   conftest.c >&5
configure:2941: $? = 0
configure:2950: result: yes
configure:2959: checking whether gcc accepts -g
configure:2979: gcc -c -g  conftest.c >&5
configure:2979: $? = 0
configure:3020: result: yes
configure:3037: checking for gcc option to accept ISO C89
configure:3101: gcc  -c -g -O2  conftest.c >&5
configure:3101: $? = 0
configure:3114: result: none needed
configure:3145: checking for style of include used by make
configure:3173: result: GNU
configure:3198: checking dependency style of gcc
configure:3308: result: gcc3
configure:3381: checking for g++
configure:3397: found /usr/bin/g++
configure:3408: result: g++
configure:3435: checking for C++ compiler version
configure:3444: g++ --version >&5
g++ (Ubuntu 4.4.3-4ubuntu5) 4.4.3
Copyright (C) 2009 Free Software Foundation, Inc.
This is free software; see the source for copying conditions.  There is NO
warranty; not even for MERCHANTABILITY or FITNESS FOR A PARTICULAR PURPOSE.

configure:3455: $? = 0
configure:3444: g++ -v >&5
Using built-in specs.
Target: i486-linux-gnu
Configured with: ../src/configure -v --with-pkgversion='Ubuntu 4.4.3-4ubuntu5' --with-bugurl=file:///usr/share/doc/gcc-4.4/README.Bugs --enable-languages=c,c++,fortran,objc,obj-c++ --prefix=/usr --enable-shared --enable-multiarch --enable-linker-build-id --with-system-zlib --libexecdir=/usr/lib --without-included-gettext --enable-threads=posix --with-gxx-include-dir=/usr/include/c++/4.4 --program-suffix=-4.4 --enable-nls --enable-clocale=gnu --enable-libstdcxx-debug --enable-plugin --enable-objc-gc --enable-targets=all --disable-werror --with-arch-32=i486 --with-tune=generic --enable-checking=release --build=i486-linux-gnu --host=i486-linux-gnu --target=i486-linux-gnu
Thread model: posix
gcc version 4.4.3 (Ubuntu 4.4.3-4ubuntu5) 
configure:3455: $? = 0
configure:3444: g++ -V >&5
g++: '-V' option must have argument
configure:3455: $? = 1
configure:3444: g++ -qversion >&5
g++: unrecognized option '-qversion'
g++: no input files
configure:3455: $? = 1
configure:3459: checking whether we are using the GNU C++ compiler
configure:3478: g++ -c   conftest.cpp >&5
configure:3478: $? = 0
configure:3487: result: yes
configure:3496: checking whether g++ accepts -g
configure:3516: g++ -c -g  conftest.cpp >&5
configure:3516: $? = 0
configure:3557: result: yes
configure:3582: checking dependency style of g++
configure:3692: result: gcc3
configure:3707: checking whether build environment is sane
configure:3757: result: yes
configure:3769: checking for main in -lmutil
configure:3788: g++ -o conftest -g -O2   conftest.cpp -lmutil   >&5
configure:3788: $? = 0
configure:3797: result: yes
configure:3810: checking for main in -lmsip
configure:3829: g++ -o conftest -g -O2   conftest.cpp -lmsip  -lmutil  >&5
configure:3829: $? = 0
configure:3838: result: yes
configure:3851: checking for main in -lminisip
configure:3870: g++ -o conftest -g -O2   conftest.cpp -lminisip  -lmsip -lmutil  >&5
configure:3870: $? = 0
configure:3879: result: yes
configure:3893: checking for main in -llog4cxx
configure:3912: g++ -o conftest -g -O2   conftest.cpp -llog4cxx  -lminisip -lmsip -lmutil  >&5
configure:3912: $? = 0
configure:3921: result: yes
configure:3935: checking for main in -lboost_thread
configure:3954: g++ -o conftest -g -O2   conftest.cpp -lboost_thread  -llog4cxx -lminisip -lmsip -lmutil  >&5
configure:3954: $? = 0
configure:3963: result: yes
configure:4147: checking for main in -lstrmanager
configure:4166: g++ -o conftest -g -O2   conftest.cpp -lstrmanager  -lboost_thread -llog4cxx -lminisip -lmsip -lmutil  >&5
configure:4166: $? = 0
configure:4175: result: yes
configure:4313: creating ./config.status

## ---------------------- ##
## Running config.status. ##
## ---------------------- ##

This file was extended by config.status, which was
generated by GNU Autoconf 2.65.  Invocation command line was

  CONFIG_FILES    = 
  CONFIG_HEADERS  = 
  CONFIG_LINKS    = 
  CONFIG_COMMANDS = 
  $ ./config.status 

on ubuntu

config.status:849: creating Makefile
config.status:849: creating config.h
config.status:1021: config.h is unchanged
config.status:1069: executing depfiles commands

## ---------------- ##
## Cache variables. ##
## ---------------- ##

ac_cv_c_compiler_gnu=yes
ac_cv_cxx_compiler_gnu=yes
ac_cv_env_CCC_set=
ac_cv_env_CCC_value=
ac_cv_env_CC_set=
ac_cv_env_CC_value=
ac_cv_env_CFLAGS_set=
ac_cv_env_CFLAGS_value=
ac_cv_env_CPPFLAGS_set=
ac_cv_env_CPPFLAGS_value=
ac_cv_env_CXXFLAGS_set=
ac_cv_env_CXXFLAGS_value=
ac_cv_env_CXX_set=
ac_cv_env_CXX_value=
ac_cv_env_LDFLAGS_set=
ac_cv_env_LDFLAGS_value=
ac_cv_env_LIBS_set=
ac_cv_env_LIBS_value=
ac_cv_env_build_alias_set=
ac_cv_env_build_alias_value=
ac_cv_env_host_alias_set=
ac_cv_env_host_alias_value=
ac_cv_env_target_alias_set=
ac_cv_env_target_alias_value=
ac_cv_lib_boost_thread_main=yes
ac_cv_lib_log4cxx_main=yes
ac_cv_lib_minisip_main=yes
ac_cv_lib_msip_main=yes
ac_cv_lib_mutil_main=yes
ac_cv_lib_strmanager_main=yes
ac_cv_objext=o
ac_cv_path_install='/usr/bin/install -c'
ac_cv_path_mkdir=/bin/mkdir
ac_cv_prog_AWK=gawk
ac_cv_prog_ac_ct_CC=gcc
ac_cv_prog_ac_ct_CXX=g++
ac_cv_prog_cc_c89=
ac_cv_prog_cc_g=yes
ac_cv_prog_cxx_g=yes
ac_cv_prog_make_make_set=yes
am_cv_CC_dependencies_compiler_type=gcc3
am_cv_CXX_dependencies_compiler_type=gcc3

## ----------------- ##
## Output variables. ##
## ----------------- ##

ACLOCAL='${SHELL} /home/prajwol/workspace/i2Conf_modification/missing --run aclocal-1.11'
AMDEPBACKSLASH='\'
AMDEP_FALSE='#'
AMDEP_TRUE=''
AMTAR='${SHELL} /home/prajwol/workspace/i2Conf_modification/missing --run tar'
AUTOCONF='${SHELL} /home/prajwol/workspace/i2Conf_modification/missing --run autoconf'
AUTOHEADER='${SHELL} /home/prajwol/workspace/i2Conf_modification/missing --run autoheader'
AUTOMAKE='${SHELL} /home/prajwol/workspace/i2Conf_modification/missing --run automake-1.11'
AWK='gawk'
CC='gcc'
CCDEPMODE='depmode=gcc3'
CFLAGS='-g -O2'
CPPFLAGS=''
CXX='g++'
CXXDEPMODE='depmode=gcc3'
CXXFLAGS='-g -O2'
CYGPATH_W='echo'
DEFS='-DHAVE_CONFIG_H'
DEPDIR='.deps'
ECHO_C=''
ECHO_N='-n'
ECHO_T=''
EXEEXT=''
INSTALL_DATA='${INSTALL} -m 644'
INSTALL_PROGRAM='${INSTALL}'
INSTALL_SCRIPT='${INSTALL}'
INSTALL_STRIP_PROGRAM='$(install_sh) -c -s'
LDFLAGS=''
LIBOBJS=''
LIBS='-lstrmanager -lboost_thread -llog4cxx -lminisip -lmsip -lmutil '
LTLIBOBJS=''
MAKEINFO='${SHELL} /home/prajwol/workspace/i2Conf_modification/missing --run makeinfo'
MKDIR_P='/bin/mkdir -p'
OBJEXT='o'
PACKAGE='i2conf'
PACKAGE_BUGREPORT=''
PACKAGE_NAME=''
PACKAGE_STRING=''
PACKAGE_TARNAME=''
PACKAGE_URL=''
PACKAGE_VERSION=''
PATH_SEPARATOR=':'
SET_MAKE=''
SHELL='/bin/bash'
STRIP=''
VERSION='0.8'
ac_ct_CC='gcc'
ac_ct_CXX='g++'
am__EXEEXT_FALSE=''
am__EXEEXT_TRUE='#'
am__fastdepCC_FALSE='#'
am__fastdepCC_TRUE=''
am__fastdepCXX_FALSE='#'
am__fastdepCXX_TRUE=''
am__include='include'
am__isrc=''
am__leading_dot='.'
am__quote=''
am__tar='${AMTAR} chof - "$$tardir"'
am__untar='${AMTAR} xf -'
bindir='${exec_prefix}/bin'
build_alias=''
datadir='${datarootdir}'
datarootdir='${prefix}/share'
docdir='${datarootdir}/doc/${PACKAGE}'
dvidir='${docdir}'
exec_prefix='${prefix}'
host_alias=''
htmldir='${docdir}'
includedir='${prefix}/include'
infodir='${datarootdir}/info'
install_sh='${SHELL} /home/prajwol/workspace/i2Conf_modification/install-sh'
libdir='${exec_prefix}/lib'
libexecdir='${exec_prefix}/libexec'
localedir='${datarootdir}/locale'
localstatedir='${prefix}/var'
mandir='${datarootdir}/man'
mkdir_p='/bin/mkdir -p'
oldincludedir='/usr/include'
pdfdir='${docdir}'
prefix='/usr/local'
program_transform_name='s,x,x,'
psdir='${docdir}'
sbindir='${exec_prefix}/sbin'
sharedstatedir='${prefix}/com'
sysconfdir='${prefix}/etc'
target_alias=''

## ----------- ##
## confdefs.h. ##
## ----------- ##

/* confdefs.h */
#define PACKAGE_NAME ""
#define PACKAGE_TARNAME ""
#define PACKAGE_VERSION ""
#define PACKAGE_STRING ""
#define PACKAGE_BUGREPORT ""
#define PACKAGE_URL ""
#define PACKAGE "i2conf"
#define VERSION "0.8"
#define HAVE_LIBMUTIL 1
#define HAVE_LIBMSIP 1
#define HAVE_LIBMINISIP 1
#define HAVE_LIBLOG4CXX 1
#define HAVE_LIBBOOST_THREAD 1
#define HAVE_LIBSTRMANAGER 1

configure: exit 0
